0 info it worked if it ends with ok
1 verbose cli [ 'C:\\Program Files\\nodejs\\\\node.exe',
1 verbose cli   'C:\\Program Files\\nodejs\\node_modules\\npm\\bin\\npm-cli.js',
1 verbose cli   'install',
1 verbose cli   'grunt-contrib-cssmin@0.10.1',
1 verbose cli   '--save-dev' ]
2 info using npm@1.4.28
3 info using node@v0.10.33
4 verbose node symlink C:\Program Files\nodejs\\node.exe
5 verbose cache add [ 'grunt-contrib-cssmin@0.10.1', null ]
6 verbose cache add name=undefined spec="grunt-contrib-cssmin@0.10.1" args=["grunt-contrib-cssmin@0.10.1",null]
7 verbose parsed url { protocol: null,
7 verbose parsed url   slashes: null,
7 verbose parsed url   auth: null,
7 verbose parsed url   host: null,
7 verbose parsed url   port: null,
7 verbose parsed url   hostname: null,
7 verbose parsed url   hash: null,
7 verbose parsed url   search: null,
7 verbose parsed url   query: null,
7 verbose parsed url   pathname: 'grunt-contrib-cssmin@0.10.1',
7 verbose parsed url   path: 'grunt-contrib-cssmin@0.10.1',
7 verbose parsed url   href: 'grunt-contrib-cssmin@0.10.1' }
8 verbose cache add name="grunt-contrib-cssmin" spec="0.10.1" args=["grunt-contrib-cssmin","0.10.1"]
9 verbose parsed url { protocol: null,
9 verbose parsed url   slashes: null,
9 verbose parsed url   auth: null,
9 verbose parsed url   host: null,
9 verbose parsed url   port: null,
9 verbose parsed url   hostname: null,
9 verbose parsed url   hash: null,
9 verbose parsed url   search: null,
9 verbose parsed url   query: null,
9 verbose parsed url   pathname: '0.10.1',
9 verbose parsed url   path: '0.10.1',
9 verbose parsed url   href: '0.10.1' }
10 verbose addNamed [ 'grunt-contrib-cssmin', '0.10.1' ]
11 verbose addNamed [ '0.10.1', '0.10.1' ]
12 silly lockFile f9ad34dc-grunt-contrib-cssmin-0-10-1 grunt-contrib-cssmin@0.10.1
13 verbose lock grunt-contrib-cssmin@0.10.1 C:\Users\qiulihua\AppData\Roaming\npm-cache\f9ad34dc-grunt-contrib-cssmin-0-10-1.lock
14 verbose request where is /grunt-contrib-cssmin
15 verbose request registry https://registry.npmjs.org/
16 verbose request id 8bf27a6230cc4820
17 verbose url raw /grunt-contrib-cssmin
18 verbose url resolving [ 'https://registry.npmjs.org/', './grunt-contrib-cssmin' ]
19 verbose url resolved https://registry.npmjs.org/grunt-contrib-cssmin
20 verbose request where is https://registry.npmjs.org/grunt-contrib-cssmin
21 info trying registry request attempt 1 at 16:36:09
22 verbose etag "CXJY0OYWP87MLNS7YNPK2M656"
23 http GET https://registry.npmjs.org/grunt-contrib-cssmin
24 http 304 https://registry.npmjs.org/grunt-contrib-cssmin
25 silly registry.get cb [ 304,
25 silly registry.get   { date: 'Fri, 16 Jan 2015 08:36:12 GMT',
25 silly registry.get     server: 'Apache',
25 silly registry.get     via: '1.1 varnish',
25 silly registry.get     'last-modified': 'Fri, 16 Jan 2015 08:35:16 GMT',
25 silly registry.get     'cache-control': 'max-age=60',
25 silly registry.get     etag: '"CXJY0OYWP87MLNS7YNPK2M656"',
25 silly registry.get     age: '56',
25 silly registry.get     'x-served-by': 'cache-ty68-TYO',
25 silly registry.get     'x-cache': 'HIT',
25 silly registry.get     'x-cache-hits': '3',
25 silly registry.get     'x-timer': 'S1421397372.777222,VS0,VE0',
25 silly registry.get     vary: 'Accept',
25 silly registry.get     'content-length': '0',
25 silly registry.get     'keep-alive': 'timeout=10, max=50',
25 silly registry.get     connection: 'Keep-Alive' } ]
26 verbose etag https://registry.npmjs.org/grunt-contrib-cssmin from cache
27 silly lockFile f9ad34dc-grunt-contrib-cssmin-0-10-1 grunt-contrib-cssmin@0.10.1
28 silly lockFile f9ad34dc-grunt-contrib-cssmin-0-10-1 grunt-contrib-cssmin@0.10.1
29 error Error: version not found: grunt-contrib-cssmin@0.10.1
29 error     at C:\Program Files\nodejs\node_modules\npm\lib\cache\add-named.js:125:12
29 error     at saved (C:\Program Files\nodejs\node_modules\npm\node_modules\npm-registry-client\lib\get.js:167:7)
29 error     at Object.oncomplete (fs.js:107:15)
30 error If you need help, you may report this *entire* log,
30 error including the npm and node versions, at:
30 error     <http://github.com/npm/npm/issues>
31 error System Windows_NT 6.1.7601
32 error command "C:\\Program Files\\nodejs\\\\node.exe" "C:\\Program Files\\nodejs\\node_modules\\npm\\bin\\npm-cli.js" "install" "grunt-contrib-cssmin@0.10.1" "--save-dev"
33 error cwd D:\tfs\Trunk\Source\Products\Epc\Sgmw\Citron.Epc.UI\optimizer
34 error node -v v0.10.33
35 error npm -v 1.4.28
36 verbose exit [ 1, true ]
